app/build/intermediates/manifest_merge_blame_file/release/manifest-merger-blame-release-report.txt
1<?xml version="1.0" encoding="utf-8"?>
2<manifest xmlns:android="http://schemas.android.com/apk/res/android"
3    package="com.example.opt_1"
4    android:versionCode="1"
5    android:versionName="1.0" >
6
7    <uses-sdk
8        android:minSdkVersion="26"
9        android:targetSdkVersion="33" />
10
11    <uses-permission android:name="android.permission.ACCESS_COARSE_LOCATION" />
11-->src/main/AndroidManifest.xml:4:5-80
11-->src/main/AndroidManifest.xml:4:22-78
12    <uses-permission android:name="android.permission.ACCESS_FINE_LOCATION" />
12-->src/main/AndroidManifest.xml:5:5-78
12-->src/main/AndroidManifest.xml:5:22-76
13    <uses-permission android:name="android.permission.INTERNET" />
13-->src/main/AndroidManifest.xml:6:5-66
13-->src/main/AndroidManifest.xml:6:22-64
14    <uses-permission android:name="android.permission.ACCESS_NETWORK_STATE" />
14-->[com.firebaseui:firebase-ui-auth:7.2.0] AndroidManifest.xml:12:5-79
14-->[com.firebaseui:firebase-ui-auth:7.2.0] AndroidManifest.xml:12:22-76
15    <uses-permission android:name="android.permission.REORDER_TASKS" />
15-->[androidx.test:core:1.5.0] AndroidManifest.xml:24:5-72
15-->[androidx.test:core:1.5.0] AndroidManifest.xml:24:22-69
16    <uses-permission android:name="android.permission.WAKE_LOCK" />
16-->[com.google.android.gms:play-services-measurement-api:21.3.0] AndroidManifest.xml:24:5-68
16-->[com.google.android.gms:play-services-measurement-api:21.3.0] AndroidManifest.xml:24:22-65
17    <uses-permission android:name="com.google.android.gms.permission.AD_ID" />
17-->[com.google.android.gms:play-services-measurement-api:21.3.0] AndroidManifest.xml:25:5-79
17-->[com.google.android.gms:play-services-measurement-api:21.3.0] AndroidManifest.xml:25:22-76
18    <uses-permission android:name="com.google.android.finsky.permission.BIND_GET_INSTALL_REFERRER_SERVICE" />
18-->[com.google.android.gms:play-services-measurement:21.3.0] AndroidManifest.xml:26:5-110
18-->[com.google.android.gms:play-services-measurement:21.3.0] AndroidManifest.xml:26:22-107
19
20    <permission
20-->[androidx.core:core:1.9.0] AndroidManifest.xml:22:5-24:47
21        android:name="com.example.opt_1.DYNAMIC_RECEIVER_NOT_EXPORTED_PERMISSION"
21-->[androidx.core:core:1.9.0] AndroidManifest.xml:23:9-81
22        android:protectionLevel="signature" />
22-->[androidx.core:core:1.9.0] AndroidManifest.xml:24:9-44
23
24    <uses-permission android:name="com.example.opt_1.DYNAMIC_RECEIVER_NOT_EXPORTED_PERMISSION" />
24-->[androidx.core:core:1.9.0] AndroidManifest.xml:26:5-97
24-->[androidx.core:core:1.9.0] AndroidManifest.xml:26:22-94
25
26    <application
26-->src/main/AndroidManifest.xml:7:5-38:19
27        android:allowBackup="true"
27-->src/main/AndroidManifest.xml:8:9-35
28        android:appComponentFactory="androidx.core.app.CoreComponentFactory"
28-->[androidx.core:core:1.9.0] AndroidManifest.xml:28:18-86
29        android:dataExtractionRules="@xml/data_extraction_rules"
29-->src/main/AndroidManifest.xml:9:9-65
30        android:extractNativeLibs="false"
31        android:fullBackupContent="@xml/backup_rules"
31-->src/main/AndroidManifest.xml:10:9-54
32        android:icon="@mipmap/ic_launcher"
32-->src/main/AndroidManifest.xml:11:9-43
33        android:label="@string/app_name"
33-->src/main/AndroidManifest.xml:15:9-41
34        android:roundIcon="@mipmap/ic_launcher_round"
34-->src/main/AndroidManifest.xml:12:9-54
35        android:supportsRtl="true"
35-->src/main/AndroidManifest.xml:13:9-35
36        android:theme="@style/Theme.OPT1" >
36-->src/main/AndroidManifest.xml:14:9-42
37        <activity
37-->src/main/AndroidManifest.xml:18:9-25:20
38            android:name="com.example.opt_1.view.LoginPage"
38-->src/main/AndroidManifest.xml:19:13-43
39            android:exported="true" >
39-->src/main/AndroidManifest.xml:20:13-36
40            <intent-filter>
40-->src/main/AndroidManifest.xml:21:13-24:29
41                <action android:name="android.intent.action.MAIN" />
41-->src/main/AndroidManifest.xml:22:17-69
41-->src/main/AndroidManifest.xml:22:25-66
42
43                <category android:name="android.intent.category.LAUNCHER" />
43-->src/main/AndroidManifest.xml:23:17-77
43-->src/main/AndroidManifest.xml:23:27-74
44            </intent-filter>
45        </activity>
46        <activity android:name="com.example.opt_1.view.RegisterPage" />
46-->src/main/AndroidManifest.xml:26:9-55
46-->src/main/AndroidManifest.xml:26:19-52
47        <activity android:name="com.example.opt_1.view.Main_Page" />
47-->src/main/AndroidManifest.xml:27:9-52
47-->src/main/AndroidManifest.xml:27:19-49
48        <activity
48-->src/main/AndroidManifest.xml:28:9-31:20
49            android:name="com.example.opt_1.view.GroupFragment"
49-->src/main/AndroidManifest.xml:29:9-43
50            android:label="Group Fragment" >
50-->src/main/AndroidManifest.xml:30:9-39
51        </activity>
52
53        <meta-data
54            android:name="test_username"
54-->src/main/AndroidManifest.xml:33:13-43
55            android:value="testi@testi.fi" />
55-->src/main/AndroidManifest.xml:34:13-47
56        <meta-data
57            android:name="test_password"
57-->src/main/AndroidManifest.xml:36:13-43
58            android:value="testi123" />
58-->src/main/AndroidManifest.xml:37:13-47
59        <meta-data
59-->[com.firebaseui:firebase-ui-auth:7.2.0] AndroidManifest.xml:16:9-18:69
60            android:name="com.google.android.gms.version"
60-->[com.firebaseui:firebase-ui-auth:7.2.0] AndroidManifest.xml:17:13-58
61            android:value="@integer/google_play_services_version" />
61-->[com.firebaseui:firebase-ui-auth:7.2.0] AndroidManifest.xml:18:13-66
62        <meta-data
62-->[com.firebaseui:firebase-ui-auth:7.2.0] AndroidManifest.xml:19:9-21:63
63            android:name="com.facebook.sdk.ApplicationId"
63-->[com.firebaseui:firebase-ui-auth:7.2.0] AndroidManifest.xml:20:13-58
64            android:value="@string/facebook_application_id" />
64-->[com.firebaseui:firebase-ui-auth:7.2.0] AndroidManifest.xml:21:13-60
65
66        <activity
66-->[com.firebaseui:firebase-ui-auth:7.2.0] AndroidManifest.xml:23:9-27:61
67            android:name="com.firebase.ui.auth.KickoffActivity"
67-->[com.firebaseui:firebase-ui-auth:7.2.0] AndroidManifest.xml:24:13-64
68            android:exported="false"
68-->[com.firebaseui:firebase-ui-auth:7.2.0] AndroidManifest.xml:25:13-37
69            android:label=""
69-->[com.firebaseui:firebase-ui-auth:7.2.0] AndroidManifest.xml:26:13-29
70            android:theme="@style/FirebaseUI.Transparent" />
70-->[com.firebaseui:firebase-ui-auth:7.2.0] AndroidManifest.xml:27:13-58
71        <activity
71-->[com.firebaseui:firebase-ui-auth:7.2.0] AndroidManifest.xml:28:9-32:61
72            android:name="com.firebase.ui.auth.ui.idp.SingleSignInActivity"
72-->[com.firebaseui:firebase-ui-auth:7.2.0] AndroidManifest.xml:29:13-76
73            android:exported="false"
73-->[com.firebaseui:firebase-ui-auth:7.2.0] AndroidManifest.xml:30:13-37
74            android:label=""
74-->[com.firebaseui:firebase-ui-auth:7.2.0] AndroidManifest.xml:31:13-29
75            android:theme="@style/FirebaseUI.Transparent" />
75-->[com.firebaseui:firebase-ui-auth:7.2.0] AndroidManifest.xml:32:13-58
76        <activity
76-->[com.firebaseui:firebase-ui-auth:7.2.0] AndroidManifest.xml:33:9-37:61
77            android:name="com.firebase.ui.auth.ui.credentials.CredentialSaveActivity"
77-->[com.firebaseui:firebase-ui-auth:7.2.0] AndroidManifest.xml:34:13-86
78            android:exported="false"
78-->[com.firebaseui:firebase-ui-auth:7.2.0] AndroidManifest.xml:35:13-37
79            android:label=""
79-->[com.firebaseui:firebase-ui-auth:7.2.0] AndroidManifest.xml:36:13-29
80            android:theme="@style/FirebaseUI.Transparent" />
80-->[com.firebaseui:firebase-ui-auth:7.2.0] AndroidManifest.xml:37:13-58
81        <activity
81-->[com.firebaseui:firebase-ui-auth:7.2.0] AndroidManifest.xml:38:9-42:58
82            android:name="com.firebase.ui.auth.ui.email.RecoverPasswordActivity"
82-->[com.firebaseui:firebase-ui-auth:7.2.0] AndroidManifest.xml:39:13-81
83            android:exported="false"
83-->[com.firebaseui:firebase-ui-auth:7.2.0] AndroidManifest.xml:40:13-37
84            android:label="@string/fui_title_recover_password_activity"
84-->[com.firebaseui:firebase-ui-auth:7.2.0] AndroidManifest.xml:41:13-72
85            android:windowSoftInputMode="adjustResize" />
85-->[com.firebaseui:firebase-ui-auth:7.2.0] AndroidManifest.xml:42:13-55
86        <activity
86-->[com.firebaseui:firebase-ui-auth:7.2.0] AndroidManifest.xml:43:9-47:58
87            android:name="com.firebase.ui.auth.ui.email.EmailActivity"
87-->[com.firebaseui:firebase-ui-auth:7.2.0] AndroidManifest.xml:44:13-71
88            android:exported="false"
88-->[com.firebaseui:firebase-ui-auth:7.2.0] AndroidManifest.xml:45:13-37
89            android:label="@string/fui_sign_in_default"
89-->[com.firebaseui:firebase-ui-auth:7.2.0] AndroidManifest.xml:46:13-56
90            android:windowSoftInputMode="adjustResize" />
90-->[com.firebaseui:firebase-ui-auth:7.2.0] AndroidManifest.xml:47:13-55
91        <activity
91-->[com.firebaseui:firebase-ui-auth:7.2.0] AndroidManifest.xml:48:9-52:77
92            android:name="com.firebase.ui.auth.ui.phone.PhoneActivity"
92-->[com.firebaseui:firebase-ui-auth:7.2.0] AndroidManifest.xml:49:13-71
93            android:exported="false"
93-->[com.firebaseui:firebase-ui-auth:7.2.0] AndroidManifest.xml:50:13-37
94            android:label="@string/fui_sign_in_with_phone_number"
94-->[com.firebaseui:firebase-ui-auth:7.2.0] AndroidManifest.xml:51:13-66
95            android:windowSoftInputMode="adjustResize|stateAlwaysVisible" />
95-->[com.firebaseui:firebase-ui-auth:7.2.0] AndroidManifest.xml:52:13-74
96        <activity
96-->[com.firebaseui:firebase-ui-auth:7.2.0] AndroidManifest.xml:53:9-57:58
97            android:name="com.firebase.ui.auth.ui.idp.WelcomeBackIdpPrompt"
97-->[com.firebaseui:firebase-ui-auth:7.2.0] AndroidManifest.xml:54:13-76
98            android:exported="false"
98-->[com.firebaseui:firebase-ui-auth:7.2.0] AndroidManifest.xml:55:13-37
99            android:label="@string/fui_title_welcome_back_idp_prompt"
99-->[com.firebaseui:firebase-ui-auth:7.2.0] AndroidManifest.xml:56:13-70
100            android:windowSoftInputMode="adjustResize" />
100-->[com.firebaseui:firebase-ui-auth:7.2.0] AndroidManifest.xml:57:13-55
101        <activity
101-->[com.firebaseui:firebase-ui-auth:7.2.0] AndroidManifest.xml:58:9-62:58
102            android:name="com.firebase.ui.auth.ui.email.WelcomeBackPasswordPrompt"
102-->[com.firebaseui:firebase-ui-auth:7.2.0] AndroidManifest.xml:59:13-83
103            android:exported="false"
103-->[com.firebaseui:firebase-ui-auth:7.2.0] AndroidManifest.xml:60:13-37
104            android:label="@string/fui_title_welcome_back_password_prompt"
104-->[com.firebaseui:firebase-ui-auth:7.2.0] AndroidManifest.xml:61:13-75
105            android:windowSoftInputMode="adjustResize" />
105-->[com.firebaseui:firebase-ui-auth:7.2.0] AndroidManifest.xml:62:13-55
106        <activity
106-->[com.firebaseui:firebase-ui-auth:7.2.0] AndroidManifest.xml:63:9-67:58
107            android:name="com.firebase.ui.auth.ui.email.WelcomeBackEmailLinkPrompt"
107-->[com.firebaseui:firebase-ui-auth:7.2.0] AndroidManifest.xml:64:13-84
108            android:exported="false"
108-->[com.firebaseui:firebase-ui-auth:7.2.0] AndroidManifest.xml:65:13-37
109            android:label="@string/fui_title_welcome_back_password_prompt"
109-->[com.firebaseui:firebase-ui-auth:7.2.0] AndroidManifest.xml:66:13-75
110            android:windowSoftInputMode="adjustResize" />
110-->[com.firebaseui:firebase-ui-auth:7.2.0] AndroidManifest.xml:67:13-55
111        <activity
111-->[com.firebaseui:firebase-ui-auth:7.2.0] AndroidManifest.xml:68:9-73:58
112            android:name="com.firebase.ui.auth.ui.email.EmailLinkCatcherActivity"
112-->[com.firebaseui:firebase-ui-auth:7.2.0] AndroidManifest.xml:69:13-82
113            android:exported="false"
113-->[com.firebaseui:firebase-ui-auth:7.2.0] AndroidManifest.xml:70:13-37
114            android:label=""
114-->[com.firebaseui:firebase-ui-auth:7.2.0] AndroidManifest.xml:71:13-29
115            android:theme="@style/FirebaseUI.Transparent"
115-->[com.firebaseui:firebase-ui-auth:7.2.0] AndroidManifest.xml:72:13-58
116            android:windowSoftInputMode="adjustResize" />
116-->[com.firebaseui:firebase-ui-auth:7.2.0] AndroidManifest.xml:73:13-55
117        <activity
117-->[com.firebaseui:firebase-ui-auth:7.2.0] AndroidManifest.xml:74:9-78:58
118            android:name="com.firebase.ui.auth.ui.email.EmailLinkErrorRecoveryActivity"
118-->[com.firebaseui:firebase-ui-auth:7.2.0] AndroidManifest.xml:75:13-88
119            android:exported="false"
119-->[com.firebaseui:firebase-ui-auth:7.2.0] AndroidManifest.xml:76:13-37
120            android:label="@string/fui_sign_in_default"
120-->[com.firebaseui:firebase-ui-auth:7.2.0] AndroidManifest.xml:77:13-56
121            android:windowSoftInputMode="adjustResize" />
121-->[com.firebaseui:firebase-ui-auth:7.2.0] AndroidManifest.xml:78:13-55
122        <activity
122-->[com.firebaseui:firebase-ui-auth:7.2.0] AndroidManifest.xml:79:9-82:65
123            android:name="com.firebase.ui.auth.ui.idp.AuthMethodPickerActivity"
123-->[com.firebaseui:firebase-ui-auth:7.2.0] AndroidManifest.xml:80:13-80
124            android:exported="false"
124-->[com.firebaseui:firebase-ui-auth:7.2.0] AndroidManifest.xml:81:13-37
125            android:label="@string/fui_default_toolbar_title" />
125-->[com.firebaseui:firebase-ui-auth:7.2.0] AndroidManifest.xml:82:13-62
126        <activity
126-->[com.firebaseui:firebase-ui-auth:7.2.0] AndroidManifest.xml:83:9-87:48
127            android:name="com.facebook.FacebookActivity"
127-->[com.firebaseui:firebase-ui-auth:7.2.0] AndroidManifest.xml:84:13-57
128            android:configChanges="keyboard|keyboardHidden|screenLayout|screenSize|orientation"
128-->[com.firebaseui:firebase-ui-auth:7.2.0] AndroidManifest.xml:85:13-96
129            android:label="@string/app_name" />
129-->[com.firebaseui:firebase-ui-auth:7.2.0] AndroidManifest.xml:86:13-45
130        <activity
130-->[com.firebaseui:firebase-ui-auth:7.2.0] AndroidManifest.xml:88:9-100:20
131            android:name="com.facebook.CustomTabActivity"
131-->[com.firebaseui:firebase-ui-auth:7.2.0] AndroidManifest.xml:89:13-58
132            android:exported="true" >
132-->[com.firebaseui:firebase-ui-auth:7.2.0] AndroidManifest.xml:90:13-36
133            <intent-filter>
133-->[com.firebaseui:firebase-ui-auth:7.2.0] AndroidManifest.xml:92:13-99:29
134                <action android:name="android.intent.action.VIEW" />
134-->[com.firebaseui:firebase-ui-auth:7.2.0] AndroidManifest.xml:93:17-69
134-->[com.firebaseui:firebase-ui-auth:7.2.0] AndroidManifest.xml:93:25-66
135
136                <category android:name="android.intent.category.DEFAULT" />
136-->[com.firebaseui:firebase-ui-auth:7.2.0] AndroidManifest.xml:95:17-76
136-->[com.firebaseui:firebase-ui-auth:7.2.0] AndroidManifest.xml:95:27-73
137                <category android:name="android.intent.category.BROWSABLE" />
137-->[com.firebaseui:firebase-ui-auth:7.2.0] AndroidManifest.xml:96:17-78
137-->[com.firebaseui:firebase-ui-auth:7.2.0] AndroidManifest.xml:96:27-75
138
139                <data android:scheme="@string/facebook_login_protocol_scheme" />
139-->[com.firebaseui:firebase-ui-auth:7.2.0] AndroidManifest.xml:98:17-81
139-->[com.firebaseui:firebase-ui-auth:7.2.0] AndroidManifest.xml:98:23-78
140            </intent-filter>
141        </activity>
142
143        <provider
143-->[com.firebaseui:firebase-ui-auth:7.2.0] AndroidManifest.xml:102:9-106:38
144            android:name="com.firebase.ui.auth.data.client.AuthUiInitProvider"
144-->[com.firebaseui:firebase-ui-auth:7.2.0] AndroidManifest.xml:103:13-79
145            android:authorities="com.example.opt_1.authuiinitprovider"
145-->[com.firebaseui:firebase-ui-auth:7.2.0] AndroidManifest.xml:104:13-70
146            android:exported="false"
146-->[com.firebaseui:firebase-ui-auth:7.2.0] AndroidManifest.xml:105:13-37
147            android:initOrder="90" />
147-->[com.firebaseui:firebase-ui-auth:7.2.0] AndroidManifest.xml:106:13-35
148
149        <service
149-->[com.google.firebase:firebase-firestore:24.7.1] AndroidManifest.xml:14:9-20:19
150            android:name="com.google.firebase.components.ComponentDiscoveryService"
150-->[com.google.firebase:firebase-firestore:24.7.1] AndroidManifest.xml:15:13-84
151            android:directBootAware="true"
151-->[com.google.firebase:firebase-common:20.3.3] AndroidManifest.xml:34:13-43
152            android:exported="false" >
152-->[com.google.firebase:firebase-firestore:24.7.1] AndroidManifest.xml:16:13-37
153            <meta-data
153-->[com.google.firebase:firebase-firestore:24.7.1] AndroidManifest.xml:17:13-19:85
154                android:name="com.google.firebase.components:com.google.firebase.firestore.FirestoreRegistrar"
154-->[com.google.firebase:firebase-firestore:24.7.1] AndroidManifest.xml:18:17-111
155                android:value="com.google.firebase.components.ComponentRegistrar" />
155-->[com.google.firebase:firebase-firestore:24.7.1] AndroidManifest.xml:19:17-82
156            <meta-data
156-->[com.google.firebase:firebase-auth:22.1.1] AndroidManifest.xml:69:13-71:85
157                android:name="com.google.firebase.components:com.google.firebase.auth.FirebaseAuthRegistrar"
157-->[com.google.firebase:firebase-auth:22.1.1] AndroidManifest.xml:70:17-109
158                android:value="com.google.firebase.components.ComponentRegistrar" />
158-->[com.google.firebase:firebase-auth:22.1.1] AndroidManifest.xml:71:17-82
159            <meta-data
159-->[com.google.android.gms:play-services-measurement-api:21.3.0] AndroidManifest.xml:31:13-33:85
160                android:name="com.google.firebase.components:com.google.firebase.analytics.connector.internal.AnalyticsConnectorRegistrar"
160-->[com.google.android.gms:play-services-measurement-api:21.3.0] AndroidManifest.xml:32:17-139
161                android:value="com.google.firebase.components.ComponentRegistrar" />
161-->[com.google.android.gms:play-services-measurement-api:21.3.0] AndroidManifest.xml:33:17-82
162            <meta-data
162-->[com.google.firebase:firebase-installations:17.1.4] AndroidManifest.xml:15:13-17:85
163                android:name="com.google.firebase.components:com.google.firebase.installations.FirebaseInstallationsRegistrar"
163-->[com.google.firebase:firebase-installations:17.1.4] AndroidManifest.xml:16:17-127
164                android:value="com.google.firebase.components.ComponentRegistrar" />
164-->[com.google.firebase:firebase-installations:17.1.4] AndroidManifest.xml:17:17-82
165        </service>
166
167        <activity
167-->[com.google.firebase:firebase-auth:22.1.1] AndroidManifest.xml:29:9-46:20
168            android:name="com.google.firebase.auth.internal.GenericIdpActivity"
168-->[com.google.firebase:firebase-auth:22.1.1] AndroidManifest.xml:30:13-80
169            android:excludeFromRecents="true"
169-->[com.google.firebase:firebase-auth:22.1.1] AndroidManifest.xml:31:13-46
170            android:exported="true"
170-->[com.google.firebase:firebase-auth:22.1.1] AndroidManifest.xml:32:13-36
171            android:launchMode="singleTask"
171-->[com.google.firebase:firebase-auth:22.1.1] AndroidManifest.xml:33:13-44
172            android:theme="@android:style/Theme.Translucent.NoTitleBar" >
172-->[com.google.firebase:firebase-auth:22.1.1] AndroidManifest.xml:34:13-72
173            <intent-filter>
173-->[com.google.firebase:firebase-auth:22.1.1] AndroidManifest.xml:35:13-45:29
174                <action android:name="android.intent.action.VIEW" />
174-->[com.firebaseui:firebase-ui-auth:7.2.0] AndroidManifest.xml:93:17-69
174-->[com.firebaseui:firebase-ui-auth:7.2.0] AndroidManifest.xml:93:25-66
175
176                <category android:name="android.intent.category.DEFAULT" />
176-->[com.firebaseui:firebase-ui-auth:7.2.0] AndroidManifest.xml:95:17-76
176-->[com.firebaseui:firebase-ui-auth:7.2.0] AndroidManifest.xml:95:27-73
177                <category android:name="android.intent.category.BROWSABLE" />
177-->[com.firebaseui:firebase-ui-auth:7.2.0] AndroidManifest.xml:96:17-78
177-->[com.firebaseui:firebase-ui-auth:7.2.0] AndroidManifest.xml:96:27-75
178
179                <data
179-->[com.firebaseui:firebase-ui-auth:7.2.0] AndroidManifest.xml:98:17-81
180                    android:host="firebase.auth"
181                    android:path="/"
182                    android:scheme="genericidp" />
182-->[com.firebaseui:firebase-ui-auth:7.2.0] AndroidManifest.xml:98:23-78
183            </intent-filter>
184        </activity>
185        <activity
185-->[com.google.firebase:firebase-auth:22.1.1] AndroidManifest.xml:47:9-64:20
186            android:name="com.google.firebase.auth.internal.RecaptchaActivity"
186-->[com.google.firebase:firebase-auth:22.1.1] AndroidManifest.xml:48:13-79
187            android:excludeFromRecents="true"
187-->[com.google.firebase:firebase-auth:22.1.1] AndroidManifest.xml:49:13-46
188            android:exported="true"
188-->[com.google.firebase:firebase-auth:22.1.1] AndroidManifest.xml:50:13-36
189            android:launchMode="singleTask"
189-->[com.google.firebase:firebase-auth:22.1.1] AndroidManifest.xml:51:13-44
190            android:theme="@android:style/Theme.Translucent.NoTitleBar" >
190-->[com.google.firebase:firebase-auth:22.1.1] AndroidManifest.xml:52:13-72
191            <intent-filter>
191-->[com.google.firebase:firebase-auth:22.1.1] AndroidManifest.xml:53:13-63:29
192                <action android:name="android.intent.action.VIEW" />
192-->[com.firebaseui:firebase-ui-auth:7.2.0] AndroidManifest.xml:93:17-69
192-->[com.firebaseui:firebase-ui-auth:7.2.0] AndroidManifest.xml:93:25-66
193
194                <category android:name="android.intent.category.DEFAULT" />
194-->[com.firebaseui:firebase-ui-auth:7.2.0] AndroidManifest.xml:95:17-76
194-->[com.firebaseui:firebase-ui-auth:7.2.0] AndroidManifest.xml:95:27-73
195                <category android:name="android.intent.category.BROWSABLE" />
195-->[com.firebaseui:firebase-ui-auth:7.2.0] AndroidManifest.xml:96:17-78
195-->[com.firebaseui:firebase-ui-auth:7.2.0] AndroidManifest.xml:96:27-75
196
197                <data
197-->[com.firebaseui:firebase-ui-auth:7.2.0] AndroidManifest.xml:98:17-81
198                    android:host="firebase.auth"
199                    android:path="/"
200                    android:scheme="recaptcha" />
200-->[com.firebaseui:firebase-ui-auth:7.2.0] AndroidManifest.xml:98:23-78
201            </intent-filter>
202        </activity>
203        <activity
203-->[androidx.test:core:1.5.0] AndroidManifest.xml:27:9-34:20
204            android:name="androidx.test.core.app.InstrumentationActivityInvoker$BootstrapActivity"
204-->[androidx.test:core:1.5.0] AndroidManifest.xml:28:13-99
205            android:exported="true"
205-->[androidx.test:core:1.5.0] AndroidManifest.xml:29:13-36
206            android:theme="@style/WhiteBackgroundTheme" >
206-->[androidx.test:core:1.5.0] AndroidManifest.xml:30:13-56
207            <intent-filter android:priority="-100" >
207-->[androidx.test:core:1.5.0] AndroidManifest.xml:31:13-33:29
207-->[androidx.test:core:1.5.0] AndroidManifest.xml:31:28-51
208                <category android:name="android.intent.category.LAUNCHER" />
208-->src/main/AndroidManifest.xml:23:17-77
208-->src/main/AndroidManifest.xml:23:27-74
209            </intent-filter>
210        </activity>
211        <activity
211-->[androidx.test:core:1.5.0] AndroidManifest.xml:35:9-42:20
212            android:name="androidx.test.core.app.InstrumentationActivityInvoker$EmptyActivity"
212-->[androidx.test:core:1.5.0] AndroidManifest.xml:36:13-95
213            android:exported="true"
213-->[androidx.test:core:1.5.0] AndroidManifest.xml:37:13-36
214            android:theme="@style/WhiteBackgroundTheme" >
214-->[androidx.test:core:1.5.0] AndroidManifest.xml:38:13-56
215            <intent-filter android:priority="-100" >
215-->[androidx.test:core:1.5.0] AndroidManifest.xml:31:13-33:29
215-->[androidx.test:core:1.5.0] AndroidManifest.xml:31:28-51
216                <category android:name="android.intent.category.LAUNCHER" />
216-->src/main/AndroidManifest.xml:23:17-77
216-->src/main/AndroidManifest.xml:23:27-74
217            </intent-filter>
218        </activity>
219        <activity
219-->[androidx.test:core:1.5.0] AndroidManifest.xml:43:9-50:20
220            android:name="androidx.test.core.app.InstrumentationActivityInvoker$EmptyFloatingActivity"
220-->[androidx.test:core:1.5.0] AndroidManifest.xml:44:13-103
221            android:exported="true"
221-->[androidx.test:core:1.5.0] AndroidManifest.xml:45:13-36
222            android:theme="@style/WhiteBackgroundDialogTheme" >
222-->[androidx.test:core:1.5.0] AndroidManifest.xml:46:13-62
223            <intent-filter android:priority="-100" >
223-->[androidx.test:core:1.5.0] AndroidManifest.xml:31:13-33:29
223-->[androidx.test:core:1.5.0] AndroidManifest.xml:31:28-51
224                <category android:name="android.intent.category.LAUNCHER" />
224-->src/main/AndroidManifest.xml:23:17-77
224-->src/main/AndroidManifest.xml:23:27-74
225            </intent-filter>
226        </activity>
227
228        <provider
228-->[com.google.firebase:firebase-common:20.3.3] AndroidManifest.xml:25:9-30:39
229            android:name="com.google.firebase.provider.FirebaseInitProvider"
229-->[com.google.firebase:firebase-common:20.3.3] AndroidManifest.xml:26:13-77
230            android:authorities="com.example.opt_1.firebaseinitprovider"
230-->[com.google.firebase:firebase-common:20.3.3] AndroidManifest.xml:27:13-72
231            android:directBootAware="true"
231-->[com.google.firebase:firebase-common:20.3.3] AndroidManifest.xml:28:13-43
232            android:exported="false"
232-->[com.google.firebase:firebase-common:20.3.3] AndroidManifest.xml:29:13-37
233            android:initOrder="100" />
233-->[com.google.firebase:firebase-common:20.3.3] AndroidManifest.xml:30:13-36
234
235        <activity
235-->[com.google.android.gms:play-services-auth:19.0.0] AndroidManifest.xml:23:9-27:75
236            android:name="com.google.android.gms.auth.api.signin.internal.SignInHubActivity"
236-->[com.google.android.gms:play-services-auth:19.0.0] AndroidManifest.xml:24:13-93
237            android:excludeFromRecents="true"
237-->[com.google.android.gms:play-services-auth:19.0.0] AndroidManifest.xml:25:13-46
238            android:exported="false"
238-->[com.google.android.gms:play-services-auth:19.0.0] AndroidManifest.xml:26:13-37
239            android:theme="@android:style/Theme.Translucent.NoTitleBar" />
239-->[com.google.android.gms:play-services-auth:19.0.0] AndroidManifest.xml:27:13-72
240        <!--
241            Service handling Google Sign-In user revocation. For apps that do not integrate with
242            Google Sign-In, this service will never be started.
243        -->
244        <service
244-->[com.google.android.gms:play-services-auth:19.0.0] AndroidManifest.xml:33:9-37:51
245            android:name="com.google.android.gms.auth.api.signin.RevocationBoundService"
245-->[com.google.android.gms:play-services-auth:19.0.0] AndroidManifest.xml:34:13-89
246            android:exported="true"
246-->[com.google.android.gms:play-services-auth:19.0.0] AndroidManifest.xml:35:13-36
247            android:permission="com.google.android.gms.auth.api.signin.permission.REVOCATION_NOTIFICATION"
247-->[com.google.android.gms:play-services-auth:19.0.0] AndroidManifest.xml:36:13-107
248            android:visibleToInstantApps="true" />
248-->[com.google.android.gms:play-services-auth:19.0.0] AndroidManifest.xml:37:13-48
249
250        <activity
250-->[com.google.android.gms:play-services-base:18.1.0] AndroidManifest.xml:20:9-22:45
251            android:name="com.google.android.gms.common.api.GoogleApiActivity"
251-->[com.google.android.gms:play-services-base:18.1.0] AndroidManifest.xml:20:19-85
252            android:exported="false"
252-->[com.google.android.gms:play-services-base:18.1.0] AndroidManifest.xml:22:19-43
253            android:theme="@android:style/Theme.Translucent.NoTitleBar" />
253-->[com.google.android.gms:play-services-base:18.1.0] AndroidManifest.xml:21:19-78
254
255        <receiver
255-->[com.google.android.gms:play-services-measurement:21.3.0] AndroidManifest.xml:29:9-33:20
256            android:name="com.google.android.gms.measurement.AppMeasurementReceiver"
256-->[com.google.android.gms:play-services-measurement:21.3.0] AndroidManifest.xml:30:13-85
257            android:enabled="true"
257-->[com.google.android.gms:play-services-measurement:21.3.0] AndroidManifest.xml:31:13-35
258            android:exported="false" >
258-->[com.google.android.gms:play-services-measurement:21.3.0] AndroidManifest.xml:32:13-37
259        </receiver>
260
261        <service
261-->[com.google.android.gms:play-services-measurement:21.3.0] AndroidManifest.xml:35:9-38:40
262            android:name="com.google.android.gms.measurement.AppMeasurementService"
262-->[com.google.android.gms:play-services-measurement:21.3.0] AndroidManifest.xml:36:13-84
263            android:enabled="true"
263-->[com.google.android.gms:play-services-measurement:21.3.0] AndroidManifest.xml:37:13-35
264            android:exported="false" />
264-->[com.google.android.gms:play-services-measurement:21.3.0] AndroidManifest.xml:38:13-37
265        <service
265-->[com.google.android.gms:play-services-measurement:21.3.0] AndroidManifest.xml:39:9-43:72
266            android:name="com.google.android.gms.measurement.AppMeasurementJobService"
266-->[com.google.android.gms:play-services-measurement:21.3.0] AndroidManifest.xml:40:13-87
267            android:enabled="true"
267-->[com.google.android.gms:play-services-measurement:21.3.0] AndroidManifest.xml:41:13-35